Basis Universal GPU Texture Compressor v1.16.3
Copyright (C) 2019-2022 Binomial LLC, All rights reserved
Multithreading: 1, Zstandard support: 1, OpenCL: 0
Input file "./nx.basis", KTX2: 0
File version and CRC checks succeeded
File info:
  Version: 13
  Total header size: 100
  Total selectors: 2678
  Selector codebook size: 3467
  Total endpoints: 1202
  Endpoint codebook size: 2027
  Tables size: 820
  Slices size: 247417
  Texture format: ETC1S
  Texture type: 2D
  us per frame: 0 (0.000000 fps)
  Total slices: 1
  Total images: 1
  Y Flipped: 0, Has alpha slices: 0
  userdata0: 0x0 userdata1: 0x0
  Per-image mipmap levels: 1 

Image info:
Image 0: MipLevels: 1 OrigDim: 4096x4096, BlockDim: 1024x1024, FirstSlice: 0, HasAlpha: 0

Slice info:
0: OrigWidthHeight: 4096x4096, BlockDim: 1024x1024, TotalBlocks: 1048576, Compressed size: 247417, Image: 0, Level: 0, UnpackedCRC16: 0x41E0, alpha: 0, iframe: 0

Original size: 253831, bits per texel: 0.121
Compressed size (Deflate): 252847, bits per texel: 0.121
start_transcoding time: 0.384 ms
Transcode of image 0 level 0 res 4096x4096 format ETC1_RGB succeeded in 9.118 ms
Transcode of image 0 level 0 res 4096x4096 format ETC2_RGBA succeeded in 9.840 ms
Transcode of image 0 level 0 res 4096x4096 format BC1_RGB succeeded in 13.430 ms
Transcode of image 0 level 0 res 4096x4096 format BC3_RGBA succeeded in 13.682 ms
Transcode of image 0 level 0 res 4096x4096 format BC4_R succeeded in 10.194 ms
Transcode of image 0 level 0 res 4096x4096 format BC5_RG succeeded in 10.038 ms
Transcode of image 0 level 0 res 4096x4096 format BC7_RGBA succeeded in 16.592 ms
Transcode of image 0 level 0 res 4096x4096 format PVRTC1_4_RGB succeeded in 54.113 ms
Transcode of image 0 level 0 res 4096x4096 format PVRTC1_4_RGBA succeeded in 52.689 ms
Transcode of image 0 level 0 res 4096x4096 format ASTC_RGBA succeeded in 17.703 ms
Transcode of image 0 level 0 res 4096x4096 format ATC_RGB succeeded in 13.070 ms
Transcode of image 0 level 0 res 4096x4096 format ATC_RGBA succeeded in 12.416 ms
Transcode of image 0 level 0 res 4096x4096 format FXT1_RGB succeeded in 19.922 ms
Transcode of image 0 level 0 res 4096x4096 format PVRTC2_4_RGB succeeded in 12.725 ms
Transcode of image 0 level 0 res 4096x4096 format PVRTC2_4_RGBA succeeded in 12.512 ms
Transcode of image 0 level 0 res 4096x4096 format ETC2_EAC_R11 succeeded in 10.155 ms
Transcode of image 0 level 0 res 4096x4096 format ETC2_EAC_RG11 succeeded in 9.611 ms
Wrote KTX file "nx_transcoded_ETC1_RGB_0000.ktx"
Wrote PNG file "nx_unpacked_rgb_ETC1_RGB_0000.png"
Wrote KTX file "nx_transcoded_ETC2_RGBA_0000.ktx"
Wrote PNG file "nx_unpacked_rgb_ETC2_RGBA_0000.png"
Wrote PNG file "nx_unpacked_a_ETC2_RGBA_0000.png"
Wrote PNG file "nx_unpacked_rgba_ETC2_RGBA_0000.png"
Wrote KTX file "nx_transcoded_BC1_RGB_0000.ktx"
Wrote PNG file "nx_unpacked_rgb_BC1_RGB_0000.png"
Wrote KTX file "nx_transcoded_BC3_RGBA_0000.ktx"
Wrote PNG file "nx_unpacked_rgb_BC3_RGBA_0000.png"
Wrote PNG file "nx_unpacked_a_BC3_RGBA_0000.png"
Wrote PNG file "nx_unpacked_rgba_BC3_RGBA_0000.png"
Wrote KTX file "nx_transcoded_BC4_R_0000.ktx"
Wrote PNG file "nx_unpacked_rgb_BC4_R_0000.png"
Wrote KTX file "nx_transcoded_BC5_RG_0000.ktx"
Wrote PNG file "nx_unpacked_rgb_BC5_RG_0000.png"
Wrote KTX file "nx_transcoded_BC7_RGBA_0000.ktx"
Wrote PNG file "nx_unpacked_rgb_BC7_RGBA_0000.png"
Wrote PNG file "nx_unpacked_a_BC7_RGBA_0000.png"
Wrote PNG file "nx_unpacked_rgba_BC7_RGBA_0000.png"
Wrote KTX file "nx_transcoded_PVRTC1_4_RGB_0000.ktx"
Wrote PNG file "nx_unpacked_rgb_PVRTC1_4_RGB_0000.png"
Wrote KTX file "nx_transcoded_PVRTC1_4_RGBA_0000.ktx"
Wrote PNG file "nx_unpacked_rgb_PVRTC1_4_RGBA_0000.png"
Wrote PNG file "nx_unpacked_a_PVRTC1_4_RGBA_0000.png"
Wrote PNG file "nx_unpacked_rgba_PVRTC1_4_RGBA_0000.png"
Wrote KTX file "nx_transcoded_ASTC_RGBA_0000.ktx"
Wrote KTX file "nx_transcoded_ATC_RGB_0000.ktx"
Wrote PNG file "nx_unpacked_rgb_ATC_RGB_0000.png"
Wrote KTX file "nx_transcoded_ATC_RGBA_0000.ktx"
Wrote PNG file "nx_unpacked_rgb_ATC_RGBA_0000.png"
Wrote PNG file "nx_unpacked_a_ATC_RGBA_0000.png"
Wrote PNG file "nx_unpacked_rgba_ATC_RGBA_0000.png"
Wrote KTX file "nx_transcoded_FXT1_RGB_0000.ktx"
Wrote PNG file "nx_unpacked_rgb_FXT1_RGB_0000.png"
Wrote KTX file "nx_transcoded_PVRTC2_4_RGB_0000.ktx"
Wrote PNG file "nx_unpacked_rgb_PVRTC2_4_RGB_0000.png"
Wrote KTX file "nx_transcoded_PVRTC2_4_RGBA_0000.ktx"
Wrote PNG file "nx_unpacked_rgb_PVRTC2_4_RGBA_0000.png"
Wrote PNG file "nx_unpacked_a_PVRTC2_4_RGBA_0000.png"
Wrote PNG file "nx_unpacked_rgba_PVRTC2_4_RGBA_0000.png"
Wrote KTX file "nx_transcoded_ETC2_EAC_R11_0000.ktx"
Wrote PNG file "nx_unpacked_rgb_ETC2_EAC_R11_0000.png"
Wrote KTX file "nx_transcoded_ETC2_EAC_RG11_0000.ktx"
Wrote PNG file "nx_unpacked_rgb_ETC2_EAC_RG11_0000.png"
Transcode of image 0 level 0 res 4096x4096 format RGBA32 succeeded in 30.000 ms
Wrote PNG file "nx_unpacked_rgb_RGBA32_0_0000.png"
Wrote PNG file "nx_unpacked_a_RGBA32_0_0000.png"
Transcode of image 0 level 0 res 4096x4096 format RGB565 succeeded in 26.879 ms
Wrote PNG file "nx_unpacked_rgb_RGB565_0_0000.png"
Transcode of image 0 level 0 res 4096x4096 format RGBA4444 succeeded in 26.667 ms
Wrote PNG file "nx_unpacked_rgb_RGBA4444_0_0000.png"
Wrote PNG file "nx_unpacked_a_RGBA4444_0_0000.png"
Success
Basis Universal GPU Texture Compressor v1.16.3
Copyright (C) 2019-2022 Binomial LLC, All rights reserved
Multithreading: 1, Zstandard support: 1, OpenCL: 0
Processing 1 total file(s)
Processing source file "./nx.png"
Read source image "./nx.png", 4096x4096
Total basis file slices: 1
Slice: 0, alpha: 0, orig width/height: 4096x4096, width/height: 4096x4096, first_block: 0, image_index: 0, mip_level: 0, iframe: 0
Wrote output .basis/.ktx2 file "nx.ktx2"
Compression succeeded to file "nx.ktx2" size 253955 bytes in 2.741 secs
Basis Universal GPU Texture Compressor v1.16.3
Copyright (C) 2019-2022 Binomial LLC, All rights reserved
Multithreading: 1, Zstandard support: 1, OpenCL: 0
Input file "./ny.basis", KTX2: 0
File version and CRC checks succeeded
File info:
  Version: 13
  Total header size: 100
  Total selectors: 1
  Selector codebook size: 5
  Total endpoints: 1
  Endpoint codebook size: 42
  Tables size: 46
  Slices size: 1348
  Texture format: ETC1S
  Texture type: 2D
  us per frame: 0 (0.000000 fps)
  Total slices: 1
  Total images: 1
  Y Flipped: 0, Has alpha slices: 0
  userdata0: 0x0 userdata1: 0x0
  Per-image mipmap levels: 1 

Image info:
Image 0: MipLevels: 1 OrigDim: 4096x4096, BlockDim: 1024x1024, FirstSlice: 0, HasAlpha: 0

Slice info:
0: OrigWidthHeight: 4096x4096, BlockDim: 1024x1024, TotalBlocks: 1048576, Compressed size: 1348, Image: 0, Level: 0, UnpackedCRC16: 0xF3CA, alpha: 0, iframe: 0

Original size: 1541, bits per texel: 0.001
Compressed size (Deflate): 185, bits per texel: 0.000
start_transcoding time: 0.024 ms
Transcode of image 0 level 0 res 4096x4096 format ETC1_RGB succeeded in 5.681 ms
Transcode of image 0 level 0 res 4096x4096 format ETC2_RGBA succeeded in 6.435 ms
Transcode of image 0 level 0 res 4096x4096 format BC1_RGB succeeded in 9.036 ms
Transcode of image 0 level 0 res 4096x4096 format BC3_RGBA succeeded in 9.430 ms
Transcode of image 0 level 0 res 4096x4096 format BC4_R succeeded in 4.991 ms
Transcode of image 0 level 0 res 4096x4096 format BC5_RG succeeded in 5.899 ms
Transcode of image 0 level 0 res 4096x4096 format BC7_RGBA succeeded in 12.178 ms
Transcode of image 0 level 0 res 4096x4096 format PVRTC1_4_RGB succeeded in 50.623 ms
Transcode of image 0 level 0 res 4096x4096 format PVRTC1_4_RGBA succeeded in 53.398 ms
Transcode of image 0 level 0 res 4096x4096 format ASTC_RGBA succeeded in 14.336 ms
Transcode of image 0 level 0 res 4096x4096 format ATC_RGB succeeded in 7.836 ms
Transcode of image 0 level 0 res 4096x4096 format ATC_RGBA succeeded in 8.355 ms
Transcode of image 0 level 0 res 4096x4096 format FXT1_RGB succeeded in 14.360 ms
Transcode of image 0 level 0 res 4096x4096 format PVRTC2_4_RGB succeeded in 9.126 ms
Transcode of image 0 level 0 res 4096x4096 format PVRTC2_4_RGBA succeeded in 8.618 ms
Transcode of image 0 level 0 res 4096x4096 format ETC2_EAC_R11 succeeded in 5.227 ms
Transcode of image 0 level 0 res 4096x4096 format ETC2_EAC_RG11 succeeded in 6.559 ms
Wrote KTX file "ny_transcoded_ETC1_RGB_0000.ktx"
Wrote PNG file "ny_unpacked_rgb_ETC1_RGB_0000.png"
Wrote KTX file "ny_transcoded_ETC2_RGBA_0000.ktx"
Wrote PNG file "ny_unpacked_rgb_ETC2_RGBA_0000.png"
Wrote PNG file "ny_unpacked_a_ETC2_RGBA_0000.png"
Wrote PNG file "ny_unpacked_rgba_ETC2_RGBA_0000.png"
Wrote KTX file "ny_transcoded_BC1_RGB_0000.ktx"
Wrote PNG file "ny_unpacked_rgb_BC1_RGB_0000.png"
Wrote KTX file "ny_transcoded_BC3_RGBA_0000.ktx"
Wrote PNG file "ny_unpacked_rgb_BC3_RGBA_0000.png"
Wrote PNG file "ny_unpacked_a_BC3_RGBA_0000.png"
Wrote PNG file "ny_unpacked_rgba_BC3_RGBA_0000.png"
Wrote KTX file "ny_transcoded_BC4_R_0000.ktx"
Wrote PNG file "ny_unpacked_rgb_BC4_R_0000.png"
Wrote KTX file "ny_transcoded_BC5_RG_0000.ktx"
Wrote PNG file "ny_unpacked_rgb_BC5_RG_0000.png"
Wrote KTX file "ny_transcoded_BC7_RGBA_0000.ktx"
Wrote PNG file "ny_unpacked_rgb_BC7_RGBA_0000.png"
Wrote PNG file "ny_unpacked_a_BC7_RGBA_0000.png"
Wrote PNG file "ny_unpacked_rgba_BC7_RGBA_0000.png"
Wrote KTX file "ny_transcoded_PVRTC1_4_RGB_0000.ktx"
Wrote PNG file "ny_unpacked_rgb_PVRTC1_4_RGB_0000.png"
Wrote KTX file "ny_transcoded_PVRTC1_4_RGBA_0000.ktx"
Wrote PNG file "ny_unpacked_rgb_PVRTC1_4_RGBA_0000.png"
Wrote PNG file "ny_unpacked_a_PVRTC1_4_RGBA_0000.png"
Wrote PNG file "ny_unpacked_rgba_PVRTC1_4_RGBA_0000.png"
Wrote KTX file "ny_transcoded_ASTC_RGBA_0000.ktx"
Wrote KTX file "ny_transcoded_ATC_RGB_0000.ktx"
Wrote PNG file "ny_unpacked_rgb_ATC_RGB_0000.png"
Wrote KTX file "ny_transcoded_ATC_RGBA_0000.ktx"
Wrote PNG file "ny_unpacked_rgb_ATC_RGBA_0000.png"
Wrote PNG file "ny_unpacked_a_ATC_RGBA_0000.png"
Wrote PNG file "ny_unpacked_rgba_ATC_RGBA_0000.png"
Wrote KTX file "ny_transcoded_FXT1_RGB_0000.ktx"
Wrote PNG file "ny_unpacked_rgb_FXT1_RGB_0000.png"
Wrote KTX file "ny_transcoded_PVRTC2_4_RGB_0000.ktx"
Wrote PNG file "ny_unpacked_rgb_PVRTC2_4_RGB_0000.png"
Wrote KTX file "ny_transcoded_PVRTC2_4_RGBA_0000.ktx"
Wrote PNG file "ny_unpacked_rgb_PVRTC2_4_RGBA_0000.png"
Wrote PNG file "ny_unpacked_a_PVRTC2_4_RGBA_0000.png"
Wrote PNG file "ny_unpacked_rgba_PVRTC2_4_RGBA_0000.png"
Wrote KTX file "ny_transcoded_ETC2_EAC_R11_0000.ktx"
Wrote PNG file "ny_unpacked_rgb_ETC2_EAC_R11_0000.png"
Wrote KTX file "ny_transcoded_ETC2_EAC_RG11_0000.ktx"
Wrote PNG file "ny_unpacked_rgb_ETC2_EAC_RG11_0000.png"
Transcode of image 0 level 0 res 4096x4096 format RGBA32 succeeded in 27.183 ms
Wrote PNG file "ny_unpacked_rgb_RGBA32_0_0000.png"
Wrote PNG file "ny_unpacked_a_RGBA32_0_0000.png"
Transcode of image 0 level 0 res 4096x4096 format RGB565 succeeded in 21.884 ms
Wrote PNG file "ny_unpacked_rgb_RGB565_0_0000.png"
Transcode of image 0 level 0 res 4096x4096 format RGBA4444 succeeded in 22.382 ms
Wrote PNG file "ny_unpacked_rgb_RGBA4444_0_0000.png"
Wrote PNG file "ny_unpacked_a_RGBA4444_0_0000.png"
Success
Basis Universal GPU Texture Compressor v1.16.3
Copyright (C) 2019-2022 Binomial LLC, All rights reserved
Multithreading: 1, Zstandard support: 1, OpenCL: 0
Processing 1 total file(s)
Processing source file "./ny.png"
Read source image "./ny.png", 4096x4096
Total basis file slices: 1
Slice: 0, alpha: 0, orig width/height: 4096x4096, width/height: 4096x4096, first_block: 0, image_index: 0, mip_level: 0, iframe: 0
Wrote output .basis/.ktx2 file "ny.ktx2"
Compression succeeded to file "ny.ktx2" size 1665 bytes in 4.877 secs
Basis Universal GPU Texture Compressor v1.16.3
Copyright (C) 2019-2022 Binomial LLC, All rights reserved
Multithreading: 1, Zstandard support: 1, OpenCL: 0
Input file "./nz.basis", KTX2: 0
File version and CRC checks succeeded
File info:
  Version: 13
  Total header size: 100
  Total selectors: 1603
  Selector codebook size: 2209
  Total endpoints: 807
  Endpoint codebook size: 1402
  Tables size: 722
  Slices size: 219987
  Texture format: ETC1S
  Texture type: 2D
  us per frame: 0 (0.000000 fps)
  Total slices: 1
  Total images: 1
  Y Flipped: 0, Has alpha slices: 0
  userdata0: 0x0 userdata1: 0x0
  Per-image mipmap levels: 1 

Image info:
Image 0: MipLevels: 1 OrigDim: 4096x4096, BlockDim: 1024x1024, FirstSlice: 0, HasAlpha: 0

Slice info:
0: OrigWidthHeight: 4096x4096, BlockDim: 1024x1024, TotalBlocks: 1048576, Compressed size: 219987, Image: 0, Level: 0, UnpackedCRC16: 0xB558, alpha: 0, iframe: 0

Original size: 224420, bits per texel: 0.107
Compressed size (Deflate): 223510, bits per texel: 0.107
start_transcoding time: 0.269 ms
Transcode of image 0 level 0 res 4096x4096 format ETC1_RGB succeeded in 9.073 ms
Transcode of image 0 level 0 res 4096x4096 format ETC2_RGBA succeeded in 9.680 ms
Transcode of image 0 level 0 res 4096x4096 format BC1_RGB succeeded in 12.821 ms
Transcode of image 0 level 0 res 4096x4096 format BC3_RGBA succeeded in 13.401 ms
Transcode of image 0 level 0 res 4096x4096 format BC4_R succeeded in 8.984 ms
Transcode of image 0 level 0 res 4096x4096 format BC5_RG succeeded in 9.444 ms
Transcode of image 0 level 0 res 4096x4096 format BC7_RGBA succeeded in 16.022 ms
Transcode of image 0 level 0 res 4096x4096 format PVRTC1_4_RGB succeeded in 52.913 ms
Transcode of image 0 level 0 res 4096x4096 format PVRTC1_4_RGBA succeeded in 52.374 ms
Transcode of image 0 level 0 res 4096x4096 format ASTC_RGBA succeeded in 16.611 ms
Transcode of image 0 level 0 res 4096x4096 format ATC_RGB succeeded in 10.870 ms
Transcode of image 0 level 0 res 4096x4096 format ATC_RGBA succeeded in 12.195 ms
Transcode of image 0 level 0 res 4096x4096 format FXT1_RGB succeeded in 18.617 ms
Transcode of image 0 level 0 res 4096x4096 format PVRTC2_4_RGB succeeded in 11.687 ms
Transcode of image 0 level 0 res 4096x4096 format PVRTC2_4_RGBA succeeded in 12.096 ms
Transcode of image 0 level 0 res 4096x4096 format ETC2_EAC_R11 succeeded in 8.464 ms
Transcode of image 0 level 0 res 4096x4096 format ETC2_EAC_RG11 succeeded in 9.150 ms
Wrote KTX file "nz_transcoded_ETC1_RGB_0000.ktx"
Wrote PNG file "nz_unpacked_rgb_ETC1_RGB_0000.png"
Wrote KTX file "nz_transcoded_ETC2_RGBA_0000.ktx"
Wrote PNG file "nz_unpacked_rgb_ETC2_RGBA_0000.png"
Wrote PNG file "nz_unpacked_a_ETC2_RGBA_0000.png"
Wrote PNG file "nz_unpacked_rgba_ETC2_RGBA_0000.png"
Wrote KTX file "nz_transcoded_BC1_RGB_0000.ktx"
Wrote PNG file "nz_unpacked_rgb_BC1_RGB_0000.png"
Wrote KTX file "nz_transcoded_BC3_RGBA_0000.ktx"
Wrote PNG file "nz_unpacked_rgb_BC3_RGBA_0000.png"
Wrote PNG file "nz_unpacked_a_BC3_RGBA_0000.png"
Wrote PNG file "nz_unpacked_rgba_BC3_RGBA_0000.png"
Wrote KTX file "nz_transcoded_BC4_R_0000.ktx"
Wrote PNG file "nz_unpacked_rgb_BC4_R_0000.png"
Wrote KTX file "nz_transcoded_BC5_RG_0000.ktx"
Wrote PNG file "nz_unpacked_rgb_BC5_RG_0000.png"
Wrote KTX file "nz_transcoded_BC7_RGBA_0000.ktx"
Wrote PNG file "nz_unpacked_rgb_BC7_RGBA_0000.png"
Wrote PNG file "nz_unpacked_a_BC7_RGBA_0000.png"
Wrote PNG file "nz_unpacked_rgba_BC7_RGBA_0000.png"
Wrote KTX file "nz_transcoded_PVRTC1_4_RGB_0000.ktx"
Wrote PNG file "nz_unpacked_rgb_PVRTC1_4_RGB_0000.png"
Wrote KTX file "nz_transcoded_PVRTC1_4_RGBA_0000.ktx"
Wrote PNG file "nz_unpacked_rgb_PVRTC1_4_RGBA_0000.png"
Wrote PNG file "nz_unpacked_a_PVRTC1_4_RGBA_0000.png"
Wrote PNG file "nz_unpacked_rgba_PVRTC1_4_RGBA_0000.png"
Wrote KTX file "nz_transcoded_ASTC_RGBA_0000.ktx"
Wrote KTX file "nz_transcoded_ATC_RGB_0000.ktx"
Wrote PNG file "nz_unpacked_rgb_ATC_RGB_0000.png"
Wrote KTX file "nz_transcoded_ATC_RGBA_0000.ktx"
Wrote PNG file "nz_unpacked_rgb_ATC_RGBA_0000.png"
Wrote PNG file "nz_unpacked_a_ATC_RGBA_0000.png"
Wrote PNG file "nz_unpacked_rgba_ATC_RGBA_0000.png"
Wrote KTX file "nz_transcoded_FXT1_RGB_0000.ktx"
Wrote PNG file "nz_unpacked_rgb_FXT1_RGB_0000.png"
Wrote KTX file "nz_transcoded_PVRTC2_4_RGB_0000.ktx"
Wrote PNG file "nz_unpacked_rgb_PVRTC2_4_RGB_0000.png"
Wrote KTX file "nz_transcoded_PVRTC2_4_RGBA_0000.ktx"
Wrote PNG file "nz_unpacked_rgb_PVRTC2_4_RGBA_0000.png"
Wrote PNG file "nz_unpacked_a_PVRTC2_4_RGBA_0000.png"
Wrote PNG file "nz_unpacked_rgba_PVRTC2_4_RGBA_0000.png"
Wrote KTX file "nz_transcoded_ETC2_EAC_R11_0000.ktx"
Wrote PNG file "nz_unpacked_rgb_ETC2_EAC_R11_0000.png"
Wrote KTX file "nz_transcoded_ETC2_EAC_RG11_0000.ktx"
Wrote PNG file "nz_unpacked_rgb_ETC2_EAC_RG11_0000.png"
Transcode of image 0 level 0 res 4096x4096 format RGBA32 succeeded in 28.721 ms
Wrote PNG file "nz_unpacked_rgb_RGBA32_0_0000.png"
Wrote PNG file "nz_unpacked_a_RGBA32_0_0000.png"
Transcode of image 0 level 0 res 4096x4096 format RGB565 succeeded in 26.751 ms
Wrote PNG file "nz_unpacked_rgb_RGB565_0_0000.png"
Transcode of image 0 level 0 res 4096x4096 format RGBA4444 succeeded in 26.191 ms
Wrote PNG file "nz_unpacked_rgb_RGBA4444_0_0000.png"
Wrote PNG file "nz_unpacked_a_RGBA4444_0_0000.png"
Success
Basis Universal GPU Texture Compressor v1.16.3
Copyright (C) 2019-2022 Binomial LLC, All rights reserved
Multithreading: 1, Zstandard support: 1, OpenCL: 0
Processing 1 total file(s)
Processing source file "./nz.png"
Read source image "./nz.png", 4096x4096
Total basis file slices: 1
Slice: 0, alpha: 0, orig width/height: 4096x4096, width/height: 4096x4096, first_block: 0, image_index: 0, mip_level: 0, iframe: 0
Wrote output .basis/.ktx2 file "nz.ktx2"
Compression succeeded to file "nz.ktx2" size 224544 bytes in 2.557 secs
Basis Universal GPU Texture Compressor v1.16.3
Copyright (C) 2019-2022 Binomial LLC, All rights reserved
Multithreading: 1, Zstandard support: 1, OpenCL: 0
Input file "./px.basis", KTX2: 0
File version and CRC checks succeeded
File info:
  Version: 13
  Total header size: 100
  Total selectors: 1981
  Selector codebook size: 2621
  Total endpoints: 701
  Endpoint codebook size: 1226
  Tables size: 714
  Slices size: 225243
  Texture format: ETC1S
  Texture type: 2D
  us per frame: 0 (0.000000 fps)
  Total slices: 1
  Total images: 1
  Y Flipped: 0, Has alpha slices: 0
  userdata0: 0x0 userdata1: 0x0
  Per-image mipmap levels: 1 

Image info:
Image 0: MipLevels: 1 OrigDim: 4096x4096, BlockDim: 1024x1024, FirstSlice: 0, HasAlpha: 0

Slice info:
0: OrigWidthHeight: 4096x4096, BlockDim: 1024x1024, TotalBlocks: 1048576, Compressed size: 225243, Image: 0, Level: 0, UnpackedCRC16: 0x6B27, alpha: 0, iframe: 0

Original size: 229904, bits per texel: 0.110
Compressed size (Deflate): 228950, bits per texel: 0.109
start_transcoding time: 0.281 ms
Transcode of image 0 level 0 res 4096x4096 format ETC1_RGB succeeded in 8.770 ms
Transcode of image 0 level 0 res 4096x4096 format ETC2_RGBA succeeded in 9.403 ms
Transcode of image 0 level 0 res 4096x4096 format BC1_RGB succeeded in 12.548 ms
Transcode of image 0 level 0 res 4096x4096 format BC3_RGBA succeeded in 13.136 ms
Transcode of image 0 level 0 res 4096x4096 format BC4_R succeeded in 8.803 ms
Transcode of image 0 level 0 res 4096x4096 format BC5_RG succeeded in 9.469 ms
Transcode of image 0 level 0 res 4096x4096 format BC7_RGBA succeeded in 15.910 ms
Transcode of image 0 level 0 res 4096x4096 format PVRTC1_4_RGB succeeded in 51.771 ms
Transcode of image 0 level 0 res 4096x4096 format PVRTC1_4_RGBA succeeded in 50.884 ms
Transcode of image 0 level 0 res 4096x4096 format ASTC_RGBA succeeded in 16.731 ms
Transcode of image 0 level 0 res 4096x4096 format ATC_RGB succeeded in 11.088 ms
Transcode of image 0 level 0 res 4096x4096 format ATC_RGBA succeeded in 11.375 ms
Transcode of image 0 level 0 res 4096x4096 format FXT1_RGB succeeded in 18.520 ms
Transcode of image 0 level 0 res 4096x4096 format PVRTC2_4_RGB succeeded in 11.582 ms
Transcode of image 0 level 0 res 4096x4096 format PVRTC2_4_RGBA succeeded in 11.885 ms
Transcode of image 0 level 0 res 4096x4096 format ETC2_EAC_R11 succeeded in 8.724 ms
Transcode of image 0 level 0 res 4096x4096 format ETC2_EAC_RG11 succeeded in 9.563 ms
Wrote KTX file "px_transcoded_ETC1_RGB_0000.ktx"
Wrote PNG file "px_unpacked_rgb_ETC1_RGB_0000.png"
Wrote KTX file "px_transcoded_ETC2_RGBA_0000.ktx"
Wrote PNG file "px_unpacked_rgb_ETC2_RGBA_0000.png"
Wrote PNG file "px_unpacked_a_ETC2_RGBA_0000.png"
Wrote PNG file "px_unpacked_rgba_ETC2_RGBA_0000.png"
Wrote KTX file "px_transcoded_BC1_RGB_0000.ktx"
Wrote PNG file "px_unpacked_rgb_BC1_RGB_0000.png"
Wrote KTX file "px_transcoded_BC3_RGBA_0000.ktx"
Wrote PNG file "px_unpacked_rgb_BC3_RGBA_0000.png"
Wrote PNG file "px_unpacked_a_BC3_RGBA_0000.png"
Wrote PNG file "px_unpacked_rgba_BC3_RGBA_0000.png"
Wrote KTX file "px_transcoded_BC4_R_0000.ktx"
Wrote PNG file "px_unpacked_rgb_BC4_R_0000.png"
Wrote KTX file "px_transcoded_BC5_RG_0000.ktx"
Wrote PNG file "px_unpacked_rgb_BC5_RG_0000.png"
Wrote KTX file "px_transcoded_BC7_RGBA_0000.ktx"
Wrote PNG file "px_unpacked_rgb_BC7_RGBA_0000.png"
Wrote PNG file "px_unpacked_a_BC7_RGBA_0000.png"
Wrote PNG file "px_unpacked_rgba_BC7_RGBA_0000.png"
Wrote KTX file "px_transcoded_PVRTC1_4_RGB_0000.ktx"
Wrote PNG file "px_unpacked_rgb_PVRTC1_4_RGB_0000.png"
Wrote KTX file "px_transcoded_PVRTC1_4_RGBA_0000.ktx"
Wrote PNG file "px_unpacked_rgb_PVRTC1_4_RGBA_0000.png"
Wrote PNG file "px_unpacked_a_PVRTC1_4_RGBA_0000.png"
Wrote PNG file "px_unpacked_rgba_PVRTC1_4_RGBA_0000.png"
Wrote KTX file "px_transcoded_ASTC_RGBA_0000.ktx"
Wrote KTX file "px_transcoded_ATC_RGB_0000.ktx"
Wrote PNG file "px_unpacked_rgb_ATC_RGB_0000.png"
Wrote KTX file "px_transcoded_ATC_RGBA_0000.ktx"
Wrote PNG file "px_unpacked_rgb_ATC_RGBA_0000.png"
Wrote PNG file "px_unpacked_a_ATC_RGBA_0000.png"
Wrote PNG file "px_unpacked_rgba_ATC_RGBA_0000.png"
Wrote KTX file "px_transcoded_FXT1_RGB_0000.ktx"
Wrote PNG file "px_unpacked_rgb_FXT1_RGB_0000.png"
Wrote KTX file "px_transcoded_PVRTC2_4_RGB_0000.ktx"
Wrote PNG file "px_unpacked_rgb_PVRTC2_4_RGB_0000.png"
Wrote KTX file "px_transcoded_PVRTC2_4_RGBA_0000.ktx"
Wrote PNG file "px_unpacked_rgb_PVRTC2_4_RGBA_0000.png"
Wrote PNG file "px_unpacked_a_PVRTC2_4_RGBA_0000.png"
Wrote PNG file "px_unpacked_rgba_PVRTC2_4_RGBA_0000.png"
Wrote KTX file "px_transcoded_ETC2_EAC_R11_0000.ktx"
Wrote PNG file "px_unpacked_rgb_ETC2_EAC_R11_0000.png"
Wrote KTX file "px_transcoded_ETC2_EAC_RG11_0000.ktx"
Wrote PNG file "px_unpacked_rgb_ETC2_EAC_RG11_0000.png"
Transcode of image 0 level 0 res 4096x4096 format RGBA32 succeeded in 28.926 ms
Wrote PNG file "px_unpacked_rgb_RGBA32_0_0000.png"
Wrote PNG file "px_unpacked_a_RGBA32_0_0000.png"
Transcode of image 0 level 0 res 4096x4096 format RGB565 succeeded in 26.311 ms
Wrote PNG file "px_unpacked_rgb_RGB565_0_0000.png"
Transcode of image 0 level 0 res 4096x4096 format RGBA4444 succeeded in 26.037 ms
Wrote PNG file "px_unpacked_rgb_RGBA4444_0_0000.png"
Wrote PNG file "px_unpacked_a_RGBA4444_0_0000.png"
Success
Basis Universal GPU Texture Compressor v1.16.3
Copyright (C) 2019-2022 Binomial LLC, All rights reserved
Multithreading: 1, Zstandard support: 1, OpenCL: 0
Processing 1 total file(s)
Processing source file "./px.png"
Read source image "./px.png", 4096x4096
Total basis file slices: 1
Slice: 0, alpha: 0, orig width/height: 4096x4096, width/height: 4096x4096, first_block: 0, image_index: 0, mip_level: 0, iframe: 0
Wrote output .basis/.ktx2 file "px.ktx2"
Compression succeeded to file "px.ktx2" size 230028 bytes in 2.903 secs
Basis Universal GPU Texture Compressor v1.16.3
Copyright (C) 2019-2022 Binomial LLC, All rights reserved
Multithreading: 1, Zstandard support: 1, OpenCL: 0
Input file "./py.basis", KTX2: 0
File version and CRC checks succeeded
File info:
  Version: 13
  Total header size: 100
  Total selectors: 2720
  Selector codebook size: 4673
  Total endpoints: 2025
  Endpoint codebook size: 3469
  Tables size: 888
  Slices size: 439055
  Texture format: ETC1S
  Texture type: 2D
  us per frame: 0 (0.000000 fps)
  Total slices: 1
  Total images: 1
  Y Flipped: 0, Has alpha slices: 0
  userdata0: 0x0 userdata1: 0x0
  Per-image mipmap levels: 1 

Image info:
Image 0: MipLevels: 1 OrigDim: 4096x4096, BlockDim: 1024x1024, FirstSlice: 0, HasAlpha: 0

Slice info:
0: OrigWidthHeight: 4096x4096, BlockDim: 1024x1024, TotalBlocks: 1048576, Compressed size: 439055, Image: 0, Level: 0, UnpackedCRC16: 0x312B, alpha: 0, iframe: 0

Original size: 448185, bits per texel: 0.214
Compressed size (Deflate): 447744, bits per texel: 0.214
start_transcoding time: 0.447 ms
Transcode of image 0 level 0 res 4096x4096 format ETC1_RGB succeeded in 12.313 ms
Transcode of image 0 level 0 res 4096x4096 format ETC2_RGBA succeeded in 12.929 ms
Transcode of image 0 level 0 res 4096x4096 format BC1_RGB succeeded in 16.969 ms
Transcode of image 0 level 0 res 4096x4096 format BC3_RGBA succeeded in 17.536 ms
Transcode of image 0 level 0 res 4096x4096 format BC4_R succeeded in 12.481 ms
Transcode of image 0 level 0 res 4096x4096 format BC5_RG succeeded in 12.994 ms
Transcode of image 0 level 0 res 4096x4096 format BC7_RGBA succeeded in 19.651 ms
Transcode of image 0 level 0 res 4096x4096 format PVRTC1_4_RGB succeeded in 57.049 ms
Transcode of image 0 level 0 res 4096x4096 format PVRTC1_4_RGBA succeeded in 56.166 ms
Transcode of image 0 level 0 res 4096x4096 format ASTC_RGBA succeeded in 20.706 ms
Transcode of image 0 level 0 res 4096x4096 format ATC_RGB succeeded in 14.823 ms
Transcode of image 0 level 0 res 4096x4096 format ATC_RGBA succeeded in 15.006 ms
Transcode of image 0 level 0 res 4096x4096 format FXT1_RGB succeeded in 23.355 ms
Transcode of image 0 level 0 res 4096x4096 format PVRTC2_4_RGB succeeded in 15.156 ms
Transcode of image 0 level 0 res 4096x4096 format PVRTC2_4_RGBA succeeded in 15.148 ms
Transcode of image 0 level 0 res 4096x4096 format ETC2_EAC_R11 succeeded in 12.081 ms
Transcode of image 0 level 0 res 4096x4096 format ETC2_EAC_RG11 succeeded in 12.491 ms
Wrote KTX file "py_transcoded_ETC1_RGB_0000.ktx"
Wrote PNG file "py_unpacked_rgb_ETC1_RGB_0000.png"
Wrote KTX file "py_transcoded_ETC2_RGBA_0000.ktx"
Wrote PNG file "py_unpacked_rgb_ETC2_RGBA_0000.png"
Wrote PNG file "py_unpacked_a_ETC2_RGBA_0000.png"
Wrote PNG file "py_unpacked_rgba_ETC2_RGBA_0000.png"
Wrote KTX file "py_transcoded_BC1_RGB_0000.ktx"
Wrote PNG file "py_unpacked_rgb_BC1_RGB_0000.png"
Wrote KTX file "py_transcoded_BC3_RGBA_0000.ktx"
Wrote PNG file "py_unpacked_rgb_BC3_RGBA_0000.png"
Wrote PNG file "py_unpacked_a_BC3_RGBA_0000.png"
Wrote PNG file "py_unpacked_rgba_BC3_RGBA_0000.png"
Wrote KTX file "py_transcoded_BC4_R_0000.ktx"
Wrote PNG file "py_unpacked_rgb_BC4_R_0000.png"
Wrote KTX file "py_transcoded_BC5_RG_0000.ktx"
Wrote PNG file "py_unpacked_rgb_BC5_RG_0000.png"
Wrote KTX file "py_transcoded_BC7_RGBA_0000.ktx"
Wrote PNG file "py_unpacked_rgb_BC7_RGBA_0000.png"
Wrote PNG file "py_unpacked_a_BC7_RGBA_0000.png"
Wrote PNG file "py_unpacked_rgba_BC7_RGBA_0000.png"
Wrote KTX file "py_transcoded_PVRTC1_4_RGB_0000.ktx"
Wrote PNG file "py_unpacked_rgb_PVRTC1_4_RGB_0000.png"
Wrote KTX file "py_transcoded_PVRTC1_4_RGBA_0000.ktx"
Wrote PNG file "py_unpacked_rgb_PVRTC1_4_RGBA_0000.png"
Wrote PNG file "py_unpacked_a_PVRTC1_4_RGBA_0000.png"
Wrote PNG file "py_unpacked_rgba_PVRTC1_4_RGBA_0000.png"
Wrote KTX file "py_transcoded_ASTC_RGBA_0000.ktx"
Wrote KTX file "py_transcoded_ATC_RGB_0000.ktx"
Wrote PNG file "py_unpacked_rgb_ATC_RGB_0000.png"
Wrote KTX file "py_transcoded_ATC_RGBA_0000.ktx"
Wrote PNG file "py_unpacked_rgb_ATC_RGBA_0000.png"
Wrote PNG file "py_unpacked_a_ATC_RGBA_0000.png"
Wrote PNG file "py_unpacked_rgba_ATC_RGBA_0000.png"
Wrote KTX file "py_transcoded_FXT1_RGB_0000.ktx"
Wrote PNG file "py_unpacked_rgb_FXT1_RGB_0000.png"
Wrote KTX file "py_transcoded_PVRTC2_4_RGB_0000.ktx"
Wrote PNG file "py_unpacked_rgb_PVRTC2_4_RGB_0000.png"
Wrote KTX file "py_transcoded_PVRTC2_4_RGBA_0000.ktx"
Wrote PNG file "py_unpacked_rgb_PVRTC2_4_RGBA_0000.png"
Wrote PNG file "py_unpacked_a_PVRTC2_4_RGBA_0000.png"
Wrote PNG file "py_unpacked_rgba_PVRTC2_4_RGBA_0000.png"
Wrote KTX file "py_transcoded_ETC2_EAC_R11_0000.ktx"
Wrote PNG file "py_unpacked_rgb_ETC2_EAC_R11_0000.png"
Wrote KTX file "py_transcoded_ETC2_EAC_RG11_0000.ktx"
Wrote PNG file "py_unpacked_rgb_ETC2_EAC_RG11_0000.png"
Transcode of image 0 level 0 res 4096x4096 format RGBA32 succeeded in 34.130 ms
Wrote PNG file "py_unpacked_rgb_RGBA32_0_0000.png"
Wrote PNG file "py_unpacked_a_RGBA32_0_0000.png"
Transcode of image 0 level 0 res 4096x4096 format RGB565 succeeded in 31.726 ms
Wrote PNG file "py_unpacked_rgb_RGB565_0_0000.png"
Transcode of image 0 level 0 res 4096x4096 format RGBA4444 succeeded in 32.160 ms
Wrote PNG file "py_unpacked_rgb_RGBA4444_0_0000.png"
Wrote PNG file "py_unpacked_a_RGBA4444_0_0000.png"
Success
Basis Universal GPU Texture Compressor v1.16.3
Copyright (C) 2019-2022 Binomial LLC, All rights reserved
Multithreading: 1, Zstandard support: 1, OpenCL: 0
Processing 1 total file(s)
Processing source file "./py.png"
Read source image "./py.png", 4096x4096
Total basis file slices: 1
Slice: 0, alpha: 0, orig width/height: 4096x4096, width/height: 4096x4096, first_block: 0, image_index: 0, mip_level: 0, iframe: 0
Wrote output .basis/.ktx2 file "py.ktx2"
Compression succeeded to file "py.ktx2" size 448309 bytes in 2.729 secs
Basis Universal GPU Texture Compressor v1.16.3
Copyright (C) 2019-2022 Binomial LLC, All rights reserved
Multithreading: 1, Zstandard support: 1, OpenCL: 0
Input file "./pz.basis", KTX2: 0
File version and CRC checks succeeded
File info:
  Version: 13
  Total header size: 100
  Total selectors: 2355
  Selector codebook size: 3090
  Total endpoints: 982
  Endpoint codebook size: 1739
  Tables size: 791
  Slices size: 247537
  Texture format: ETC1S
  Texture type: 2D
  us per frame: 0 (0.000000 fps)
  Total slices: 1
  Total images: 1
  Y Flipped: 0, Has alpha slices: 0
  userdata0: 0x0 userdata1: 0x0
  Per-image mipmap levels: 1 

Image info:
Image 0: MipLevels: 1 OrigDim: 4096x4096, BlockDim: 1024x1024, FirstSlice: 0, HasAlpha: 0

Slice info:
0: OrigWidthHeight: 4096x4096, BlockDim: 1024x1024, TotalBlocks: 1048576, Compressed size: 247537, Image: 0, Level: 0, UnpackedCRC16: 0x243, alpha: 0, iframe: 0

Original size: 253257, bits per texel: 0.121
Compressed size (Deflate): 252351, bits per texel: 0.120
start_transcoding time: 0.317 ms
Transcode of image 0 level 0 res 4096x4096 format ETC1_RGB succeeded in 8.880 ms
Transcode of image 0 level 0 res 4096x4096 format ETC2_RGBA succeeded in 9.360 ms
Transcode of image 0 level 0 res 4096x4096 format BC1_RGB succeeded in 12.671 ms
Transcode of image 0 level 0 res 4096x4096 format BC3_RGBA succeeded in 13.308 ms
Transcode of image 0 level 0 res 4096x4096 format BC4_R succeeded in 9.065 ms
Transcode of image 0 level 0 res 4096x4096 format BC5_RG succeeded in 9.451 ms
Transcode of image 0 level 0 res 4096x4096 format BC7_RGBA succeeded in 15.891 ms
Transcode of image 0 level 0 res 4096x4096 format PVRTC1_4_RGB succeeded in 51.876 ms
Transcode of image 0 level 0 res 4096x4096 format PVRTC1_4_RGBA succeeded in 49.958 ms
Transcode of image 0 level 0 res 4096x4096 format ASTC_RGBA succeeded in 16.731 ms
Transcode of image 0 level 0 res 4096x4096 format ATC_RGB succeeded in 11.363 ms
Transcode of image 0 level 0 res 4096x4096 format ATC_RGBA succeeded in 11.656 ms
Transcode of image 0 level 0 res 4096x4096 format FXT1_RGB succeeded in 18.875 ms
Transcode of image 0 level 0 res 4096x4096 format PVRTC2_4_RGB succeeded in 12.025 ms
Transcode of image 0 level 0 res 4096x4096 format PVRTC2_4_RGBA succeeded in 11.701 ms
Transcode of image 0 level 0 res 4096x4096 format ETC2_EAC_R11 succeeded in 8.969 ms
Transcode of image 0 level 0 res 4096x4096 format ETC2_EAC_RG11 succeeded in 9.513 ms
Wrote KTX file "pz_transcoded_ETC1_RGB_0000.ktx"
Wrote PNG file "pz_unpacked_rgb_ETC1_RGB_0000.png"
Wrote KTX file "pz_transcoded_ETC2_RGBA_0000.ktx"
Wrote PNG file "pz_unpacked_rgb_ETC2_RGBA_0000.png"
Wrote PNG file "pz_unpacked_a_ETC2_RGBA_0000.png"
Wrote PNG file "pz_unpacked_rgba_ETC2_RGBA_0000.png"
Wrote KTX file "pz_transcoded_BC1_RGB_0000.ktx"
Wrote PNG file "pz_unpacked_rgb_BC1_RGB_0000.png"
Wrote KTX file "pz_transcoded_BC3_RGBA_0000.ktx"
Wrote PNG file "pz_unpacked_rgb_BC3_RGBA_0000.png"
Wrote PNG file "pz_unpacked_a_BC3_RGBA_0000.png"
Wrote PNG file "pz_unpacked_rgba_BC3_RGBA_0000.png"
Wrote KTX file "pz_transcoded_BC4_R_0000.ktx"
Wrote PNG file "pz_unpacked_rgb_BC4_R_0000.png"
Wrote KTX file "pz_transcoded_BC5_RG_0000.ktx"
Wrote PNG file "pz_unpacked_rgb_BC5_RG_0000.png"
Wrote KTX file "pz_transcoded_BC7_RGBA_0000.ktx"
Wrote PNG file "pz_unpacked_rgb_BC7_RGBA_0000.png"
Wrote PNG file "pz_unpacked_a_BC7_RGBA_0000.png"
Wrote PNG file "pz_unpacked_rgba_BC7_RGBA_0000.png"
Wrote KTX file "pz_transcoded_PVRTC1_4_RGB_0000.ktx"
Wrote PNG file "pz_unpacked_rgb_PVRTC1_4_RGB_0000.png"
Wrote KTX file "pz_transcoded_PVRTC1_4_RGBA_0000.ktx"
Wrote PNG file "pz_unpacked_rgb_PVRTC1_4_RGBA_0000.png"
Wrote PNG file "pz_unpacked_a_PVRTC1_4_RGBA_0000.png"
Wrote PNG file "pz_unpacked_rgba_PVRTC1_4_RGBA_0000.png"
Wrote KTX file "pz_transcoded_ASTC_RGBA_0000.ktx"
Wrote KTX file "pz_transcoded_ATC_RGB_0000.ktx"
Wrote PNG file "pz_unpacked_rgb_ATC_RGB_0000.png"
Wrote KTX file "pz_transcoded_ATC_RGBA_0000.ktx"
Wrote PNG file "pz_unpacked_rgb_ATC_RGBA_0000.png"
Wrote PNG file "pz_unpacked_a_ATC_RGBA_0000.png"
Wrote PNG file "pz_unpacked_rgba_ATC_RGBA_0000.png"
Wrote KTX file "pz_transcoded_FXT1_RGB_0000.ktx"
Wrote PNG file "pz_unpacked_rgb_FXT1_RGB_0000.png"
Wrote KTX file "pz_transcoded_PVRTC2_4_RGB_0000.ktx"
Wrote PNG file "pz_unpacked_rgb_PVRTC2_4_RGB_0000.png"
Wrote KTX file "pz_transcoded_PVRTC2_4_RGBA_0000.ktx"
Wrote PNG file "pz_unpacked_rgb_PVRTC2_4_RGBA_0000.png"
Wrote PNG file "pz_unpacked_a_PVRTC2_4_RGBA_0000.png"
Wrote PNG file "pz_unpacked_rgba_PVRTC2_4_RGBA_0000.png"
Wrote KTX file "pz_transcoded_ETC2_EAC_R11_0000.ktx"
Wrote PNG file "pz_unpacked_rgb_ETC2_EAC_R11_0000.png"
Wrote KTX file "pz_transcoded_ETC2_EAC_RG11_0000.ktx"
Wrote PNG file "pz_unpacked_rgb_ETC2_EAC_RG11_0000.png"
Transcode of image 0 level 0 res 4096x4096 format RGBA32 succeeded in 29.329 ms
Wrote PNG file "pz_unpacked_rgb_RGBA32_0_0000.png"
Wrote PNG file "pz_unpacked_a_RGBA32_0_0000.png"
Transcode of image 0 level 0 res 4096x4096 format RGB565 succeeded in 26.893 ms
Wrote PNG file "pz_unpacked_rgb_RGB565_0_0000.png"
Transcode of image 0 level 0 res 4096x4096 format RGBA4444 succeeded in 27.235 ms
Wrote PNG file "pz_unpacked_rgb_RGBA4444_0_0000.png"
Wrote PNG file "pz_unpacked_a_RGBA4444_0_0000.png"
Success
Basis Universal GPU Texture Compressor v1.16.3
Copyright (C) 2019-2022 Binomial LLC, All rights reserved
Multithreading: 1, Zstandard support: 1, OpenCL: 0
Processing 1 total file(s)
Processing source file "./pz.png"
Read source image "./pz.png", 4096x4096
Total basis file slices: 1
Slice: 0, alpha: 0, orig width/height: 4096x4096, width/height: 4096x4096, first_block: 0, image_index: 0, mip_level: 0, iframe: 0
Wrote output .basis/.ktx2 file "pz.ktx2"
Compression succeeded to file "pz.ktx2" size 253381 bytes in 2.667 secs
Basis Universal GPU Texture Compressor v1.16.3
Copyright (C) 2019-2022 Binomial LLC, All rights reserved
Multithreading: 1, Zstandard support: 1, OpenCL: 0
Processing 1 total file(s)
Processing source file "./script.sh"
